This is pdfTeX, Version 3.14159265-2.6-1.40.20 (TeX Live 2019) (preloaded format=pdflatex 2019.5.8)  15 MAY 2019 23:25
entering extended mode
 restricted \write18 enabled.
 file:line:error style messages enabled.
 %&-line parsing enabled.
**main.tex
(./main.tex
LaTeX2e <2018-12-01>
(./ar-1col.cls

LaTeX Warning: You have requested document class `ar-1col',
               but the document class provides `ar'.

Document Class: ar 2013/03/07 v1.1 Standard LaTeX document class
\typeheight=\dimen102
\typewidth=\dimen103
\extramargin=\skip41
(/usr/local/texlive/2019/texmf-dist/tex/latex/graphics/color.sty
Package: color 2016/07/10 v1.1e Standard LaTeX Color (DPC)

(/usr/local/texlive/2019/texmf-dist/tex/latex/graphics-cfg/color.cfg
File: color.cfg 2016/01/02 v1.6 sample color configuration
)
Package color Info: Driver file: pdftex.def on input line 147.

(/usr/local/texlive/2019/texmf-dist/tex/latex/graphics-def/pdftex.def
File: pdftex.def 2018/01/08 v1.0l Graphics/color driver for pdftex
))
(/usr/local/texlive/2019/texmf-dist/tex/generic/oberdiek/ifpdf.sty
Package: ifpdf 2018/09/07 v3.3 Provides the ifpdf switch
)
\@absbbox=\box27
\@kwdbox=\box28
\c@part=\count80
\c@section=\count81
\c@subsection=\count82
\c@subsubsection=\count83
\c@paragraph=\count84
\c@subparagraph=\count85
\c@figure=\count86
\chkfigcnt=\count87
\c@table=\count88
\abovecaptionskip=\skip42
\belowcaptionskip=\skip43
\chk@fig@width=\dimen104

(/usr/local/texlive/2019/texmf-dist/tex/generic/epsf/epsf.sty
This is `epsf.tex' v2.7.4 <14 February 2011>
\epsffilein=\read1
\epsfframemargin=\dimen105
\epsfframethickness=\dimen106
\epsfrsize=\dimen107
\epsftmp=\dimen108
\epsftsize=\dimen109
\epsfxsize=\dimen110
\epsfysize=\dimen111
\pspoints=\dimen112
)
\bibindent=\dimen113
\marginnotecnt=\count89
\marginnotebox=\box29
\bibnotecnt=\count90
\textboxcnt=\count91
 (/usr/local/texlive/2019/texmf-dist/tex/latex/graphics/graphicx.sty
Package: graphicx 2017/06/01 v1.1a Enhanced LaTeX Graphics (DPC,SPQR)

(/usr/local/texlive/2019/texmf-dist/tex/latex/graphics/keyval.sty
Package: keyval 2014/10/28 v1.15 key=value parser (DPC)
\KV@toks@=\toks14
)
(/usr/local/texlive/2019/texmf-dist/tex/latex/graphics/graphics.sty
Package: graphics 2017/06/25 v1.2c Standard LaTeX Graphics (DPC,SPQR)

(/usr/local/texlive/2019/texmf-dist/tex/latex/graphics/trig.sty
Package: trig 2016/01/03 v1.10 sin cos tan (DPC)
)
(/usr/local/texlive/2019/texmf-dist/tex/latex/graphics-cfg/graphics.cfg
File: graphics.cfg 2016/06/04 v1.11 sample graphics configuration
)
Package graphics Info: Driver file: pdftex.def on input line 99.
)
\Gin@req@height=\dimen114
\Gin@req@width=\dimen115
)
(/usr/local/texlive/2019/texmf-dist/tex/latex/tools/multicol.sty
Package: multicol 2018/12/27 v1.8v multicolumn formatting (FMi)
\c@tracingmulticols=\count92
\mult@box=\box30
\multicol@leftmargin=\dimen116
\c@unbalance=\count93
\c@collectmore=\count94
\doublecol@number=\count95
\multicoltolerance=\count96
\multicolpretolerance=\count97
\full@width=\dimen117
\page@free=\dimen118
\premulticols=\dimen119
\postmulticols=\dimen120
\multicolsep=\skip44
\multicolbaselineskip=\skip45
\partial@page=\box31
\last@line=\box32
\maxbalancingoverflow=\dimen121
\mult@rightbox=\box33
\mult@grightbox=\box34
\mult@gfirstbox=\box35
\mult@firstbox=\box36
\@tempa=\box37
\@tempa=\box38
\@tempa=\box39
\@tempa=\box40
\@tempa=\box41
\@tempa=\box42
\@tempa=\box43
\@tempa=\box44
\@tempa=\box45
\@tempa=\box46
\@tempa=\box47
\@tempa=\box48
\@tempa=\box49
\@tempa=\box50
\@tempa=\box51
\@tempa=\box52
\@tempa=\box53
\c@columnbadness=\count98
\c@finalcolumnbadness=\count99
\last@try=\dimen122
\multicolovershoot=\dimen123
\multicolundershoot=\dimen124
\mult@nat@firstbox=\box54
\colbreak@box=\box55
\mc@col@check@num=\count100
)
(/usr/local/texlive/2019/texmf-dist/tex/latex/oberdiek/refcount.sty
Package: refcount 2016/05/16 v3.5 Data extraction from label references (HO)

(/usr/local/texlive/2019/texmf-dist/tex/generic/oberdiek/ltxcmds.sty
Package: ltxcmds 2016/05/16 v1.23 LaTeX kernel commands for general use (HO)
)
(/usr/local/texlive/2019/texmf-dist/tex/generic/oberdiek/infwarerr.sty
Package: infwarerr 2016/05/16 v1.4 Providing info/warning/error messages (HO)
))
(/usr/local/texlive/2019/texmf-dist/tex/latex/framed/framed.sty
Package: framed 2011/10/22 v 0.96: framed or shaded text with page breaks
\OuterFrameSep=\skip46
\fb@frw=\dimen125
\fb@frh=\dimen126
\FrameRule=\dimen127
\FrameSep=\dimen128
))
(/usr/local/texlive/2019/texmf-dist/tex/latex/natbib/natbib.sty
Package: natbib 2010/09/13 8.31b (PWD, AO)
\bibhang=\skip47
\bibsep=\skip48
LaTeX Info: Redefining \cite on input line 694.
\c@NAT@ctr=\count101
)
(/usr/local/texlive/2019/texmf-dist/tex/latex/amsfonts/amssymb.sty
Package: amssymb 2013/01/14 v3.01 AMS font symbols


/usr/local/texlive/2019/texmf-dist/tex/latex/amsfonts/amssymb.sty:33: LaTeX Err
or: Unknown option `comma' for package `amssymb'.

See the LaTeX manual or LaTeX Companion for explanation.
Type  H <return>  for immediate help.
 ...                                              
                                                  
l.33 \ProcessOptions\relax
                          
? s
OK, entering \scrollmode...
(/usr/local/texlive/2019/texmf-dist/tex/latex/amsfonts/amsfonts.sty
Package: amsfonts 2013/01/14 v3.01 Basic AMSFonts support
\@emptytoks=\toks15
\symAMSa=\mathgroup4
\symAMSb=\mathgroup5
LaTeX Font Info:    Overwriting math alphabet `\mathfrak' in version `bold'
(Font)                  U/euf/m/n --> U/euf/b/n on input line 106.
))
(./main.aux)
\openout1 = `main.aux'.

LaTeX Font Info:    Checking defaults for OML/cmm/m/it on input line 28.
LaTeX Font Info:    ... okay on input line 28.
LaTeX Font Info:    Checking defaults for T1/cmr/m/n on input line 28.
LaTeX Font Info:    ... okay on input line 28.
LaTeX Font Info:    Checking defaults for OT1/cmr/m/n on input line 28.
LaTeX Font Info:    ... okay on input line 28.
LaTeX Font Info:    Checking defaults for OMS/cmsy/m/n on input line 28.
LaTeX Font Info:    ... okay on input line 28.
LaTeX Font Info:    Checking defaults for OMX/cmex/m/n on input line 28.
LaTeX Font Info:    ... okay on input line 28.
LaTeX Font Info:    Checking defaults for U/cmr/m/n on input line 28.
LaTeX Font Info:    ... okay on input line 28.

(/usr/local/texlive/2019/texmf-dist/tex/context/base/mkii/supp-pdf.mkii
[Loading MPS to PDF converter (version 2006.09.02).]
\scratchcounter=\count102
\scratchdimen=\dimen129
\scratchbox=\box56
\nofMPsegments=\count103
\nofMParguments=\count104
\everyMPshowfont=\toks16
\MPscratchCnt=\count105
\MPscratchDim=\dimen130
\MPnumerator=\count106
\makeMPintoPDFobject=\count107
\everyMPtoPDFconversion=\toks17
) (/usr/local/texlive/2019/texmf-dist/tex/latex/oberdiek/epstopdf-base.sty
Package: epstopdf-base 2016/05/15 v2.6 Base part for package epstopdf

(/usr/local/texlive/2019/texmf-dist/tex/latex/oberdiek/grfext.sty
Package: grfext 2016/05/16 v1.2 Manage graphics extensions (HO)

(/usr/local/texlive/2019/texmf-dist/tex/generic/oberdiek/kvdefinekeys.sty
Package: kvdefinekeys 2016/05/16 v1.4 Define keys (HO)
))
(/usr/local/texlive/2019/texmf-dist/tex/latex/oberdiek/kvoptions.sty
Package: kvoptions 2016/05/16 v3.12 Key value format for package options (HO)

(/usr/local/texlive/2019/texmf-dist/tex/generic/oberdiek/kvsetkeys.sty
Package: kvsetkeys 2016/05/16 v1.17 Key value parser (HO)

(/usr/local/texlive/2019/texmf-dist/tex/generic/oberdiek/etexcmds.sty
Package: etexcmds 2016/05/16 v1.6 Avoid name clashes with e-TeX commands (HO)

(/usr/local/texlive/2019/texmf-dist/tex/generic/oberdiek/ifluatex.sty
Package: ifluatex 2016/05/16 v1.4 Provides the ifluatex switch (HO)
Package ifluatex Info: LuaTeX not detected.
))))
(/usr/local/texlive/2019/texmf-dist/tex/generic/oberdiek/pdftexcmds.sty
Package: pdftexcmds 2018/09/10 v0.29 Utility functions of pdfTeX for LuaTeX (HO
)
Package pdftexcmds Info: LuaTeX not detected.
Package pdftexcmds Info: \pdf@primitive is available.
Package pdftexcmds Info: \pdf@ifprimitive is available.
Package pdftexcmds Info: \pdfdraftmode found.
)
Package epstopdf-base Info: Redefining graphics rule for `.eps' on input line 4
38.
Package grfext Info: Graphics extension search list:
(grfext)             [.pdf,.png,.jpg,.mps,.jpeg,.jbig2,.jb2,.PDF,.PNG,.JPG,.JPE
G,.JBIG2,.JB2,.eps]
(grfext)             \AppendGraphicsExtensions on input line 456.

(/usr/local/texlive/2019/texmf-dist/tex/latex/latexconfig/epstopdf-sys.cfg
File: epstopdf-sys.cfg 2010/07/13 v1.3 Configuration of (r)epstopdf for TeX Liv
e
))
LaTeX Font Info:    Try loading font information for OMS+cmr on input line 61.

(/usr/local/texlive/2019/texmf-dist/tex/latex/base/omscmr.fd
File: omscmr.fd 2014/09/29 v2.5h Standard LaTeX font definitions
)
LaTeX Font Info:    Font shape `OMS/cmr/m/n' in size <9> not available
(Font)              Font shape `OMS/cmsy/m/n' tried instead on input line 61.
LaTeX Font Info:    Try loading font information for U+msa on input line 70.

(/usr/local/texlive/2019/texmf-dist/tex/latex/amsfonts/umsa.fd
File: umsa.fd 2013/01/14 v3.01 AMS symbols A
)
LaTeX Font Info:    Try loading font information for U+msb on input line 70.

(/usr/local/texlive/2019/texmf-dist/tex/latex/amsfonts/umsb.fd
File: umsb.fd 2013/01/14 v3.01 AMS symbols B
)

LaTeX Font Warning: Font shape `OT1/cmr/m/n' in size <20> not available
(Font)              size <20.74> substituted on input line 71.


LaTeX Font Warning: Font shape `OT1/cmr/bx/n' in size <20> not available
(Font)              size <20.74> substituted on input line 71.

LaTeX Font Info:    Font shape `OMS/cmr/m/n' in size <7> not available
(Font)              Font shape `OMS/cmsy/m/n' tried instead on input line 71.

Overfull \hbox (81.0pt too wide) in alignment at lines 71--71
[][]
 []


Overfull \hbox (31.0pt too wide) in paragraph at lines 71--71
[][] |[] 
 []


LaTeX Font Warning: Font shape `OT1/cmr/m/it' in size <7.5> not available
(Font)              size <7> substituted on input line 71.


Overfull \hbox (90.0pt too wide) has occurred while \output is active
[]
 []

[1{/usr/local/texlive/2019/texmf-var/fonts/map/pdftex/updmap/pdftex.map}]
Package color Info: Redefining color shadecolor on input line 74.

(./main.toc)
\tf@toc=\write3
\openout3 = `main.toc'.


Underfull \vbox (badness 3590) has occurred while \output is active []


Overfull \hbox (90.0pt too wide) has occurred while \output is active
[]
 []

[2

]
Overfull \hbox (23.5945pt too wide) in paragraph at lines 96--96
[]| [] 
 []


LaTeX Warning: Reference `fig:ims' on page 3 undefined on input line 98.


Underfull \vbox (badness 10000) has occurred while \output is active []


Overfull \hbox (90.0pt too wide) has occurred while \output is active
[]
 []

[3]
Underfull \vbox (badness 10000) has occurred while \output is active []


Overfull \hbox (90.0pt too wide) has occurred while \output is active
[]
 []

[4]

LaTeX Warning: `h' float specifier changed to `ht'.


Overfull \hbox (90.0pt too wide) has occurred while \output is active
[]
 []

[5]
Underfull \vbox (badness 1502) has occurred while \output is active []


Overfull \hbox (90.0pt too wide) has occurred while \output is active
[]
 []

[6]
Overfull \hbox (90.0pt too wide) has occurred while \output is active
[]
 []

[7]
<opac_pars.pdf, id=46, 469.755pt x 122.85901pt>
File: opac_pars.pdf Graphic file (type pdf)
<use opac_pars.pdf>
Package pdftex.def Info: opac_pars.pdf  used on input line 174.
(pdftex.def)             Requested size: 366.0pt x 95.72276pt.

Overfull \hbox (2.05554pt too wide) in paragraph at lines 174--175
[] []
 []


Underfull \hbox (badness 10000) in paragraph at lines 174--175

 []


Underfull \vbox (badness 10000) has occurred while \output is active []


Overfull \hbox (90.0pt too wide) has occurred while \output is active
[]
 []

[8 <./opac_pars.pdf>]
Underfull \vbox (badness 10000) has occurred while \output is active []


Overfull \hbox (90.0pt too wide) has occurred while \output is active
[]
 []

[9]
Underfull \vbox (badness 10000) has occurred while \output is active []


Overfull \hbox (90.0pt too wide) has occurred while \output is active
[]
 []

[10]
Package epstopdf Info: Source file: <SampleFigure.eps>
(epstopdf)                    date: 2019-05-14 21:59:24
(epstopdf)                    size: 427083 bytes
(epstopdf)             Output file: <SampleFigure-eps-converted-to.pdf>
(epstopdf)                    date: 2019-05-15 11:58:47
(epstopdf)                    size: 22283 bytes
(epstopdf)             Command: <repstopdf --outfile=SampleFigure-eps-converted
-to.pdf SampleFigure.eps>
(epstopdf)             \includegraphics on input line 236.
Package epstopdf Info: Output file is already uptodate.
<SampleFigure-eps-converted-to.pdf, id=96, 288.07625pt x 162.6075pt>
File: SampleFigure-eps-converted-to.pdf Graphic file (type pdf)
<use SampleFigure-eps-converted-to.pdf>
Package pdftex.def Info: SampleFigure-eps-converted-to.pdf  used on input line 
236.
(pdftex.def)             Requested size: 216.81pt x 122.38457pt.

Overfull \hbox (2.05554pt too wide) in paragraph at lines 236--237
[] []
 []


Underfull \hbox (badness 10000) in paragraph at lines 236--237

 []


LaTeX Warning: `h' float specifier changed to `ht'.


Underfull \hbox (badness 1655) in paragraph at lines 261--262
\OT1/cmr/m/n/9 two key en-vi-ron-men-tal ef-fects, on lo-cal scales/``internal"
 (mul-ti-plic-ity) and global
 []


Underfull \vbox (badness 6252) has occurred while \output is active []


Overfull \hbox (90.0pt too wide) has occurred while \output is active
[]
 []

[11 <./SampleFigure-eps-converted-to.pdf>]
Package epstopdf Info: Source file: <SampleFigure.eps>
(epstopdf)                    date: 2019-05-14 21:59:24
(epstopdf)                    size: 427083 bytes
(epstopdf)             Output file: <SampleFigure-eps-converted-to.pdf>
(epstopdf)                    date: 2019-05-15 11:58:47
(epstopdf)                    size: 22283 bytes
(epstopdf)             Command: <repstopdf --outfile=SampleFigure-eps-converted
-to.pdf SampleFigure.eps>
(epstopdf)             \includegraphics on input line 318.
Package epstopdf Info: Output file is already uptodate.
File: SampleFigure-eps-converted-to.pdf Graphic file (type pdf)
<use SampleFigure-eps-converted-to.pdf>
Package pdftex.def Info: SampleFigure-eps-converted-to.pdf  used on input line 
318.
(pdftex.def)             Requested size: 216.81pt x 122.38457pt.

Overfull \hbox (2.05554pt too wide) in paragraph at lines 318--319
[] []
 []


Underfull \hbox (badness 10000) in paragraph at lines 318--319

 []


Underfull \vbox (badness 10000) has occurred while \output is active []


Overfull \hbox (90.0pt too wide) has occurred while \output is active
[]
 []

[12]
Overfull \hbox (90.0pt too wide) has occurred while \output is active
[]
 []

[13]
Package color Info: Redefining color shadecolor on input line 392.
Package color Info: Redefining color shadecolor on input line 402.

Overfull \hbox (90.0pt too wide) has occurred while \output is active
[]
 []

[14]
Overfull \hbox (7.27066pt too wide) in paragraph at lines 475--475
[]\OT1/cmtt/m/n/9 \bibitem[Baas et~al.(2006)Baas, Steeneveld, {van de Weil} \& 
Holtslag]{Baas:09}[] 
 []


Overfull \hbox (2.54572pt too wide) in paragraph at lines 475--475
[]\OT1/cmtt/m/n/9 \bibitem[de~Silva et~al.(1996)de~Silva, Fernando, Eaton \& He
bert]{deSilva:96}[] 
 []

(./main.bbl
./main.bbl:8: Undefined control sequence.
l.8 ...Nakano}, T., \& {Miyama}, S.~M. 1997, \apjl
                                                  ,
The control sequence at the end of the top line
of your error message was never \def'ed. If you have
misspelled it (e.g., `\hobx'), type `I' and the correct
spelling (e.g., `I\hbox'). Otherwise just continue,
and I'll forget about whatever was undefined.

./main.bbl:9: Undefined control sequence.
l.9   486, L51, \dodoi
                      {10.1086/310837}
The control sequence at the end of the top line
of your error message was never \def'ed. If you have
misspelled it (e.g., `\hobx'), type `I' and the correct
spelling (e.g., `I\hbox'). Otherwise just continue,
and I'll forget about whatever was undefined.


Underfull \vbox (badness 10000) has occurred while \output is active []


Overfull \hbox (90.0pt too wide) has occurred while \output is active
[]
 []

[15]
./main.bbl:14: Undefined control sequence.
l.14   2002, \aap
                 , 386, 622, \dodoi{10.1051/0004-6361:20020037}
The control sequence at the end of the top line
of your error message was never \def'ed. If you have
misspelled it (e.g., `\hobx'), type `I' and the correct
spelling (e.g., `I\hbox'). Otherwise just continue,
and I'll forget about whatever was undefined.

./main.bbl:14: Undefined control sequence.
l.14   2002, \aap, 386, 622, \dodoi
                                   {10.1051/0004-6361:20020037}
The control sequence at the end of the top line
of your error message was never \def'ed. If you have
misspelled it (e.g., `\hobx'), type `I' and the correct
spelling (e.g., `I\hbox'). Otherwise just continue,
and I'll forget about whatever was undefined.

./main.bbl:18: Undefined control sequence.
l.18 ...nz}, W., \& {Winisdoerffer}, C. 2005, \aap
                                                  ,
The control sequence at the end of the top line
of your error message was never \def'ed. If you have
misspelled it (e.g., `\hobx'), type `I' and the correct
spelling (e.g., `I\hbox'). Otherwise just continue,
and I'll forget about whatever was undefined.

./main.bbl:19: Undefined control sequence.
l.19   434, 343, \dodoi
                       {10.1051/0004-6361:20042032}
The control sequence at the end of the top line
of your error message was never \def'ed. If you have
misspelled it (e.g., `\hobx'), type `I' and the correct
spelling (e.g., `I\hbox'). Otherwise just continue,
and I'll forget about whatever was undefined.

./main.bbl:22: Undefined control sequence.
l.22 {Andre}, P., \& {Montmerle}, T. 1994, \apj
                                               , 420, 837, \dodoi{10.1086/17...
The control sequence at the end of the top line
of your error message was never \def'ed. If you have
misspelled it (e.g., `\hobx'), type `I' and the correct
spelling (e.g., `I\hbox'). Otherwise just continue,
and I'll forget about whatever was undefined.

./main.bbl:22: Undefined control sequence.
l.22 ...ontmerle}, T. 1994, \apj, 420, 837, \dodoi
                                                  {10.1086/173608}
The control sequence at the end of the top line
of your error message was never \def'ed. If you have
misspelled it (e.g., `\hobx'), type `I' and the correct
spelling (e.g., `I\hbox'). Otherwise just continue,
and I'll forget about whatever was undefined.

./main.bbl:25: Undefined control sequence.
l.25 {Andrews}, S.~M. 2015, \pasp
                                 , 127, 961, \dodoi{10.1086/683178}
The control sequence at the end of the top line
of your error message was never \def'ed. If you have
misspelled it (e.g., `\hobx'), type `I' and the correct
spelling (e.g., `I\hbox'). Otherwise just continue,
and I'll forget about whatever was undefined.

./main.bbl:25: Undefined control sequence.
l.25 ...rews}, S.~M. 2015, \pasp, 127, 961, \dodoi
                                                  {10.1086/683178}
The control sequence at the end of the top line
of your error message was never \def'ed. If you have
misspelled it (e.g., `\hobx'), type `I' and the correct
spelling (e.g., `I\hbox'). Otherwise just continue,
and I'll forget about whatever was undefined.

./main.bbl:29: Undefined control sequence.
l.29 ..., I., {Wilner}, D.~J., {et~al.} 2010, \apj
                                                  , 710,
The control sequence at the end of the top line
of your error message was never \def'ed. If you have
misspelled it (e.g., `\hobx'), type `I' and the correct
spelling (e.g., `I\hbox'). Otherwise just continue,
and I'll forget about whatever was undefined.

./main.bbl:30: Undefined control sequence.
l.30   462, \dodoi
                  {10.1088/0004-637X/710/1/462}
The control sequence at the end of the top line
of your error message was never \def'ed. If you have
misspelled it (e.g., `\hobx'), type `I' and the correct
spelling (e.g., `I\hbox'). Otherwise just continue,
and I'll forget about whatever was undefined.

./main.bbl:35: Undefined control sequence.
l.35   \apj
           , 771, 129, \dodoi{10.1088/0004-637X/771/2/129}
The control sequence at the end of the top line
of your error message was never \def'ed. If you have
misspelled it (e.g., `\hobx'), type `I' and the correct
spelling (e.g., `I\hbox'). Otherwise just continue,
and I'll forget about whatever was undefined.

./main.bbl:35: Undefined control sequence.
l.35   \apj, 771, 129, \dodoi
                             {10.1088/0004-637X/771/2/129}
The control sequence at the end of the top line
of your error message was never \def'ed. If you have
misspelled it (e.g., `\hobx'), type `I' and the correct
spelling (e.g., `I\hbox'). Otherwise just continue,
and I'll forget about whatever was undefined.

./main.bbl:38: Undefined control sequence.
l.38 ...s}, S.~M., \& {Williams}, J.~P. 2005, \apj
                                                  , 631, 1134,
The control sequence at the end of the top line
of your error message was never \def'ed. If you have
misspelled it (e.g., `\hobx'), type `I' and the correct
spelling (e.g., `I\hbox'). Otherwise just continue,
and I'll forget about whatever was undefined.

./main.bbl:39: Undefined control sequence.
l.39   \dodoi
             {10.1086/432712}
The control sequence at the end of the top line
of your error message was never \def'ed. If you have
misspelled it (e.g., `\hobx'), type `I' and the correct
spelling (e.g., `I\hbox'). Otherwise just continue,
and I'll forget about whatever was undefined.

./main.bbl:42: Undefined control sequence.
l.42 ---. 2007{\natexlab{a}}, \apj
                                  , 671, 1800, \dodoi{10.1086/522885}
The control sequence at the end of the top line
of your error message was never \def'ed. If you have
misspelled it (e.g., `\hobx'), type `I' and the correct
spelling (e.g., `I\hbox'). Otherwise just continue,
and I'll forget about whatever was undefined.

./main.bbl:42: Undefined control sequence.
l.42 ...007{\natexlab{a}}, \apj, 671, 1800, \dodoi
                                                  {10.1086/522885}
The control sequence at the end of the top line
of your error message was never \def'ed. If you have
misspelled it (e.g., `\hobx'), type `I' and the correct
spelling (e.g., `I\hbox'). Otherwise just continue,
and I'll forget about whatever was undefined.

./main.bbl:45: Undefined control sequence.
l.45 ---. 2007{\natexlab{b}}, \apj
                                  , 659, 705, \dodoi{10.1086/511741}
The control sequence at the end of the top line
of your error message was never \def'ed. If you have
misspelled it (e.g., `\hobx'), type `I' and the correct
spelling (e.g., `I\hbox'). Otherwise just continue,
and I'll forget about whatever was undefined.

./main.bbl:45: Undefined control sequence.
l.45 ...2007{\natexlab{b}}, \apj, 659, 705, \dodoi
                                                  {10.1086/511741}
The control sequence at the end of the top line
of your error message was never \def'ed. If you have
misspelled it (e.g., `\hobx'), type `I' and the correct
spelling (e.g., `I\hbox'). Otherwise just continue,
and I'll forget about whatever was undefined.

./main.bbl:50: Undefined control sequence.
l.50   C.~P. 2009, \apj
                       , 700, 1502, \dodoi{10.1088/0004-637X/700/2/1502}
The control sequence at the end of the top line
of your error message was never \def'ed. If you have
misspelled it (e.g., `\hobx'), type `I' and the correct
spelling (e.g., `I\hbox'). Otherwise just continue,
and I'll forget about whatever was undefined.

./main.bbl:50: Undefined control sequence.
l.50   C.~P. 2009, \apj, 700, 1502, \dodoi
                                          {10.1088/0004-637X/700/2/1502}
The control sequence at the end of the top line
of your error message was never \def'ed. If you have
misspelled it (e.g., `\hobx'), type `I' and the correct
spelling (e.g., `I\hbox'). Otherwise just continue,
and I'll forget about whatever was undefined.

./main.bbl:55: Undefined control sequence.
l.55 ....~J., {Hughes}, A.~M., {et~al.} 2012, \apj
                                                  , 744,
The control sequence at the end of the top line
of your error message was never \def'ed. If you have
misspelled it (e.g., `\hobx'), type `I' and the correct
spelling (e.g., `I\hbox'). Otherwise just continue,
and I'll forget about whatever was undefined.

./main.bbl:56: Undefined control sequence.
l.56   162, \dodoi
                  {10.1088/0004-637X/744/2/162}
The control sequence at the end of the top line
of your error message was never \def'ed. If you have
misspelled it (e.g., `\hobx'), type `I' and the correct
spelling (e.g., `I\hbox'). Otherwise just continue,
and I'll forget about whatever was undefined.

./main.bbl:61: Undefined control sequence.
l.61 ...r}, D.~J., {Zhu}, Z., {et~al.} 2018, \apjl
                                                  , 820, L40,
The control sequence at the end of the top line
of your error message was never \def'ed. If you have
misspelled it (e.g., `\hobx'), type `I' and the correct
spelling (e.g., `I\hbox'). Otherwise just continue,
and I'll forget about whatever was undefined.

./main.bbl:62: Undefined control sequence.
l.62   \dodoi
             {10.3847/2041-8205/820/2/L40}
The control sequence at the end of the top line
of your error message was never \def'ed. If you have
misspelled it (e.g., `\hobx'), type `I' and the correct
spelling (e.g., `I\hbox'). Otherwise just continue,
and I'll forget about whatever was undefined.

./main.bbl:68: Undefined control sequence.
l.68 ..., {van der Marel}, N., {et~al.} 2016, \apj
                                                  ,
The control sequence at the end of the top line
of your error message was never \def'ed. If you have
misspelled it (e.g., `\hobx'), type `I' and the correct
spelling (e.g., `I\hbox'). Otherwise just continue,
and I'll forget about whatever was undefined.

./main.bbl:69: Undefined control sequence.
l.69   828, 46, \dodoi
                      {10.3847/0004-637X/828/1/46}
The control sequence at the end of the top line
of your error message was never \def'ed. If you have
misspelled it (e.g., `\hobx'), type `I' and the correct
spelling (e.g., `I\hbox'). Otherwise just continue,
and I'll forget about whatever was undefined.

./main.bbl:74: Undefined control sequence.
l.74 ... J.~P., {Trapman}, L., {et~al.} 2018, \apj
                                                  , 859, 21,
The control sequence at the end of the top line
of your error message was never \def'ed. If you have
misspelled it (e.g., `\hobx'), type `I' and the correct
spelling (e.g., `I\hbox'). Otherwise just continue,
and I'll forget about whatever was undefined.

./main.bbl:75: Undefined control sequence.
l.75   \dodoi
             {10.3847/1538-4357/aab890}
The control sequence at the end of the top line
of your error message was never \def'ed. If you have
misspelled it (e.g., `\hobx'), type `I' and the correct
spelling (e.g., `I\hbox'). Otherwise just continue,
and I'll forget about whatever was undefined.

./main.bbl:80: Undefined control sequence.
l.80   {Ricci}, L. 2017, \apj
                             , 851, 85, \dodoi{10.3847/1538-4357/aa989d}
The control sequence at the end of the top line
of your error message was never \def'ed. If you have
misspelled it (e.g., `\hobx'), type `I' and the correct
spelling (e.g., `I\hbox'). Otherwise just continue,
and I'll forget about whatever was undefined.

./main.bbl:80: Undefined control sequence.
l.80   {Ricci}, L. 2017, \apj, 851, 85, \dodoi
                                              {10.3847/1538-4357/aa989d}
The control sequence at the end of the top line
of your error message was never \def'ed. If you have
misspelled it (e.g., `\hobx'), type `I' and the correct
spelling (e.g., `I\hbox'). Otherwise just continue,
and I'll forget about whatever was undefined.

./main.bbl:83: Undefined control sequence.
l.83 ..., S.~V.~W., \& {Sargent}, A.~I. 1991, \apj
                                                  , 381, 250,
The control sequence at the end of the top line
of your error message was never \def'ed. If you have
misspelled it (e.g., `\hobx'), type `I' and the correct
spelling (e.g., `I\hbox'). Otherwise just continue,
and I'll forget about whatever was undefined.

./main.bbl:84: Undefined control sequence.
l.84   \dodoi
             {10.1086/170646}
The control sequence at the end of the top line
of your error message was never \def'ed. If you have
misspelled it (e.g., `\hobx'), type `I' and the correct
spelling (e.g., `I\hbox'). Otherwise just continue,
and I'll forget about whatever was undefined.

./main.bbl:87: Undefined control sequence.
l.87 ---. 1993, \apj
                    , 402, 280, \dodoi{10.1086/172131}
The control sequence at the end of the top line
of your error message was never \def'ed. If you have
misspelled it (e.g., `\hobx'), type `I' and the correct
spelling (e.g., `I\hbox'). Otherwise just continue,
and I'll forget about whatever was undefined.

./main.bbl:87: Undefined control sequence.
l.87 ---. 1993, \apj, 402, 280, \dodoi
                                      {10.1086/172131}
The control sequence at the end of the top line
of your error message was never \def'ed. If you have
misspelled it (e.g., `\hobx'), type `I' and the correct
spelling (e.g., `I\hbox'). Otherwise just continue,
and I'll forget about whatever was undefined.

./main.bbl:92: Undefined control sequence.
l.92   \aj
          , 99, 924, \dodoi{10.1086/115385}
The control sequence at the end of the top line
of your error message was never \def'ed. If you have
misspelled it (e.g., `\hobx'), type `I' and the correct
spelling (e.g., `I\hbox'). Otherwise just continue,
and I'll forget about whatever was undefined.

./main.bbl:92: Undefined control sequence.
l.92   \aj, 99, 924, \dodoi
                           {10.1086/115385}
The control sequence at the end of the top line
of your error message was never \def'ed. If you have
misspelled it (e.g., `\hobx'), type `I' and the correct
spelling (e.g., `I\hbox'). Otherwise just continue,
and I'll forget about whatever was undefined.

./main.bbl:97: Undefined control sequence.
l.97 ...}, L.~I., {Gorti}, U., {et~al.} 2013, \nat
                                                  , 493, 644,
The control sequence at the end of the top line
of your error message was never \def'ed. If you have
misspelled it (e.g., `\hobx'), type `I' and the correct
spelling (e.g., `I\hbox'). Otherwise just continue,
and I'll forget about whatever was undefined.

./main.bbl:98: Undefined control sequence.
l.98   \dodoi
             {10.1038/nature11805}
The control sequence at the end of the top line
of your error message was never \def'ed. If you have
misspelled it (e.g., `\hobx'), type `I' and the correct
spelling (e.g., `I\hbox'). Otherwise just continue,
and I'll forget about whatever was undefined.

./main.bbl:102: Undefined control sequence.
l.102 ..., C.~W., \& {Dullemond}, C.~P. 2011, \aap
                                                  , 525, A11,
The control sequence at the end of the top line
of your error message was never \def'ed. If you have
misspelled it (e.g., `\hobx'), type `I' and the correct
spelling (e.g., `I\hbox'). Otherwise just continue,
and I'll forget about whatever was undefined.

./main.bbl:103: Undefined control sequence.
l.103   \dodoi
              {10.1051/0004-6361/201015228}
The control sequence at the end of the top line
of your error message was never \def'ed. If you have
misspelled it (e.g., `\hobx'), type `I' and the correct
spelling (e.g., `I\hbox'). Otherwise just continue,
and I'll forget about whatever was undefined.

./main.bbl:108: Undefined control sequence.
l.108 ...}, C.~P., {Zhu}, Z., {et~al.} 2018, \apjl
                                                  , 869, L45,
The control sequence at the end of the top line
of your error message was never \def'ed. If you have
misspelled it (e.g., `\hobx'), type `I' and the correct
spelling (e.g., `I\hbox'). Otherwise just continue,
and I'll forget about whatever was undefined.

./main.bbl:109: Undefined control sequence.
l.109   \dodoi
              {10.3847/2041-8213/aaf743}
The control sequence at the end of the top line
of your error message was never \def'ed. If you have
misspelled it (e.g., `\hobx'), type `I' and the correct
spelling (e.g., `I\hbox'). Otherwise just continue,
and I'll forget about whatever was undefined.

./main.bbl:113: Undefined control sequence.
l.113 ..., C., \& {van Dishoeck}, E.~F. 2018, \aap
                                                  , 618, A182,
The control sequence at the end of the top line
of your error message was never \def'ed. If you have
misspelled it (e.g., `\hobx'), type `I' and the correct
spelling (e.g., `I\hbox'). Otherwise just continue,
and I'll forget about whatever was undefined.

./main.bbl:114: Undefined control sequence.
l.114   \dodoi
              {10.1051/0004-6361/201833497}
The control sequence at the end of the top line
of your error message was never \def'ed. If you have
misspelled it (e.g., `\hobx'), type `I' and the correct
spelling (e.g., `I\hbox'). Otherwise just continue,
and I'll forget about whatever was undefined.

./main.bbl:118: Undefined control sequence.
l.118   \dodoi
              {10.1016/0019-1035(81)90051-8}
The control sequence at the end of the top line
of your error message was never \def'ed. If you have
misspelled it (e.g., `\hobx'), type `I' and the correct
spelling (e.g., `I\hbox'). Otherwise just continue,
and I'll forget about whatever was undefined.

./main.bbl:123: Undefined control sequence.
l.123   2010, \aap
                  , 520, A61, \dodoi{10.1051/0004-6361/201014841}
The control sequence at the end of the top line
of your error message was never \def'ed. If you have
misspelled it (e.g., `\hobx'), type `I' and the correct
spelling (e.g., `I\hbox'). Otherwise just continue,
and I'll forget about whatever was undefined.

./main.bbl:123: Undefined control sequence.
l.123   2010, \aap, 520, A61, \dodoi
                                    {10.1051/0004-6361/201014841}
The control sequence at the end of the top line
of your error message was never \def'ed. If you have
misspelled it (e.g., `\hobx'), type `I' and the correct
spelling (e.g., `I\hbox'). Otherwise just continue,
and I'll forget about whatever was undefined.

./main.bbl:126: Undefined control sequence.
l.126 {Chiang}, E., \& {Laughlin}, G. 2013, \mnras
                                                  , 431, 3444,
The control sequence at the end of the top line
of your error message was never \def'ed. If you have
misspelled it (e.g., `\hobx'), type `I' and the correct
spelling (e.g., `I\hbox'). Otherwise just continue,
and I'll forget about whatever was undefined.

./main.bbl:127: Undefined control sequence.
l.127   \dodoi
              {10.1093/mnras/stt424}
The control sequence at the end of the top line
of your error message was never \def'ed. If you have
misspelled it (e.g., `\hobx'), type `I' and the correct
spelling (e.g., `I\hbox'). Otherwise just continue,
and I'll forget about whatever was undefined.

./main.bbl:135: Undefined control sequence.
l.135   \mnras
              , 482, 698, \dodoi{10.1093/mnras/sty2653}
The control sequence at the end of the top line
of your error message was never \def'ed. If you have
misspelled it (e.g., `\hobx'), type `I' and the correct
spelling (e.g., `I\hbox'). Otherwise just continue,
and I'll forget about whatever was undefined.

./main.bbl:135: Undefined control sequence.
l.135   \mnras, 482, 698, \dodoi
                                {10.1093/mnras/sty2653}
The control sequence at the end of the top line
of your error message was never \def'ed. If you have
misspelled it (e.g., `\hobx'), type `I' and the correct
spelling (e.g., `I\hbox'). Otherwise just continue,
and I'll forget about whatever was undefined.

./main.bbl:138: Undefined control sequence.
l.138 ...da}, P.~R., \& {Davis}, S.~S. 2014, \apjs
                                                  , 210, 21,
The control sequence at the end of the top line
of your error message was never \def'ed. If you have
misspelled it (e.g., `\hobx'), type `I' and the correct
spelling (e.g., `I\hbox'). Otherwise just continue,
and I'll forget about whatever was undefined.

./main.bbl:139: Undefined control sequence.
l.139   \dodoi
              {10.1088/0067-0049/210/2/21}
The control sequence at the end of the top line
of your error message was never \def'ed. If you have
misspelled it (e.g., `\hobx'), type `I' and the correct
spelling (e.g., `I\hbox'). Otherwise just continue,
and I'll forget about whatever was undefined.

./main.bbl:143: Undefined control sequence.
l.143 ...Calvet}, N., \& {Hartmann}, L. 2001, \apj
                                                  , 553, 321,
The control sequence at the end of the top line
of your error message was never \def'ed. If you have
misspelled it (e.g., `\hobx'), type `I' and the correct
spelling (e.g., `I\hbox'). Otherwise just continue,
and I'll forget about whatever was undefined.

./main.bbl:144: Undefined control sequence.
l.144   \dodoi
              {10.1086/320655}
The control sequence at the end of the top line
of your error message was never \def'ed. If you have
misspelled it (e.g., `\hobx'), type `I' and the correct
spelling (e.g., `I\hbox'). Otherwise just continue,
and I'll forget about whatever was undefined.

./main.bbl:148: Undefined control sequence.
l.148 ...trey}, A., \& {Guilloteau}, S. 2003, \aap
                                                  , 399, 773,
The control sequence at the end of the top line
of your error message was never \def'ed. If you have
misspelled it (e.g., `\hobx'), type `I' and the correct
spelling (e.g., `I\hbox'). Otherwise just continue,
and I'll forget about whatever was undefined.

./main.bbl:149: Undefined control sequence.
l.149   \dodoi
              {10.1051/0004-6361:20021638}
The control sequence at the end of the top line
of your error message was never \def'ed. If you have
misspelled it (e.g., `\hobx'), type `I' and the correct
spelling (e.g., `I\hbox'). Otherwise just continue,
and I'll forget about whatever was undefined.

./main.bbl:156: Undefined control sequence.
l.156 ...ard}, F., {Dent}, W., {et~al.} 2013, \aap
                                                  ,
The control sequence at the end of the top line
of your error message was never \def'ed. If you have
misspelled it (e.g., `\hobx'), type `I' and the correct
spelling (e.g., `I\hbox'). Otherwise just continue,
and I'll forget about whatever was undefined.

./main.bbl:157: Undefined control sequence.
l.157   557, A133, \dodoi
                         {10.1051/0004-6361/201321603}
The control sequence at the end of the top line
of your error message was never \def'ed. If you have
misspelled it (e.g., `\hobx'), type `I' and the correct
spelling (e.g., `I\hbox'). Otherwise just continue,
and I'll forget about whatever was undefined.

./main.bbl:162: Undefined control sequence.
l.162   {Schneider}, G. 2013, \apj
                                  , 771, 45, \dodoi{10.1088/0004-637X/771/1/45}
The control sequence at the end of the top line
of your error message was never \def'ed. If you have
misspelled it (e.g., `\hobx'), type `I' and the correct
spelling (e.g., `I\hbox'). Otherwise just continue,
and I'll forget about whatever was undefined.

./main.bbl:162: Undefined control sequence.
l.162 ...chneider}, G. 2013, \apj, 771, 45, \dodoi
                                                  {10.1088/0004-637X/771/1/45}
The control sequence at the end of the top line
of your error message was never \def'ed. If you have
misspelled it (e.g., `\hobx'), type `I' and the correct
spelling (e.g., `I\hbox'). Otherwise just continue,
and I'll forget about whatever was undefined.

./main.bbl:166: Undefined control sequence.
l.166 ...r}, A.~J., \& {Schneider}, G. 2008, \apjl
                                                  , 673, L191,
The control sequence at the end of the top line
of your error message was never \def'ed. If you have
misspelled it (e.g., `\hobx'), type `I' and the correct
spelling (e.g., `I\hbox'). Otherwise just continue,
and I'll forget about whatever was undefined.

./main.bbl:167: Undefined control sequence.
l.167   \dodoi
              {10.1086/527546}
The control sequence at the end of the top line
of your error message was never \def'ed. If you have
misspelled it (e.g., `\hobx'), type `I' and the correct
spelling (e.g., `I\hbox'). Otherwise just continue,
and I'll forget about whatever was undefined.

./main.bbl:172: Undefined control sequence.
l.172   {Willacy}, K. 2018, \apjl
                                 , 868, L37, \dodoi{10.3847/2041-8213/aaf0fd}
The control sequence at the end of the top line
of your error message was never \def'ed. If you have
misspelled it (e.g., `\hobx'), type `I' and the correct
spelling (e.g., `I\hbox'). Otherwise just continue,
and I'll forget about whatever was undefined.

./main.bbl:172: Undefined control sequence.
l.172 ...illacy}, K. 2018, \apjl, 868, L37, \dodoi
                                                  {10.3847/2041-8213/aaf0fd}
The control sequence at the end of the top line
of your error message was never \def'ed. If you have
misspelled it (e.g., `\hobx'), type `I' and the correct
spelling (e.g., `I\hbox'). Otherwise just continue,
and I'll forget about whatever was undefined.

./main.bbl:175: Undefined control sequence.
l.175 {Dohnanyi}, J.~S. 1969, \jgr
                                  , 74, 2531, \dodoi{10.1029/JB074i010p02531}
The control sequence at the end of the top line
of your error message was never \def'ed. If you have
misspelled it (e.g., `\hobx'), type `I' and the correct
spelling (e.g., `I\hbox'). Otherwise just continue,
and I'll forget about whatever was undefined.

./main.bbl:175: Undefined control sequence.
l.175 ...anyi}, J.~S. 1969, \jgr, 74, 2531, \dodoi
                                                  {10.1029/JB074i010p02531}
The control sequence at the end of the top line
of your error message was never \def'ed. If you have
misspelled it (e.g., `\hobx'), type `I' and the correct
spelling (e.g., `I\hbox'). Otherwise just continue,
and I'll forget about whatever was undefined.

./main.bbl:178: Undefined control sequence.
l.178 {Draine}, B.~T. 2006, \apj
                                , 636, 1114, \dodoi{10.1086/498130}
The control sequence at the end of the top line
of your error message was never \def'ed. If you have
misspelled it (e.g., `\hobx'), type `I' and the correct
spelling (e.g., `I\hbox'). Otherwise just continue,
and I'll forget about whatever was undefined.

./main.bbl:178: Undefined control sequence.
l.178 ...ine}, B.~T. 2006, \apj, 636, 1114, \dodoi
                                                  {10.1086/498130}
The control sequence at the end of the top line
of your error message was never \def'ed. If you have
misspelled it (e.g., `\hobx'), type `I' and the correct
spelling (e.g., `I\hbox'). Otherwise just continue,
and I'll forget about whatever was undefined.

./main.bbl:181: Undefined control sequence.
l.181 ...}, C.~D., \& {Charbonneau}, D. 2013, \apj
                                                  , 767, 95,
The control sequence at the end of the top line
of your error message was never \def'ed. If you have
misspelled it (e.g., `\hobx'), type `I' and the correct
spelling (e.g., `I\hbox'). Otherwise just continue,
and I'll forget about whatever was undefined.

./main.bbl:182: Undefined control sequence.
l.182   \dodoi
              {10.1088/0004-637X/767/1/95}
The control sequence at the end of the top line
of your error message was never \def'ed. If you have
misspelled it (e.g., `\hobx'), type `I' and the correct
spelling (e.g., `I\hbox'). Otherwise just continue,
and I'll forget about whatever was undefined.

./main.bbl:186: Undefined control sequence.
l.186 ...illoteau}, S., \& {Guelin}, M. 1997, \aap
                                                  , 317, L55
The control sequence at the end of the top line
of your error message was never \def'ed. If you have
misspelled it (e.g., `\hobx'), type `I' and the correct
spelling (e.g., `I\hbox'). Otherwise just continue,
and I'll forget about whatever was undefined.

./main.bbl:189: Undefined control sequence.
l.189 ...uilloteau}, S., \& {Simon}, M. 2003, \aap
                                                  , 402, 1003,
The control sequence at the end of the top line
of your error message was never \def'ed. If you have
misspelled it (e.g., `\hobx'), type `I' and the correct
spelling (e.g., `I\hbox'). Otherwise just continue,
and I'll forget about whatever was undefined.

./main.bbl:190: Undefined control sequence.
l.190   \dodoi
              {10.1051/0004-6361:20030317}
The control sequence at the end of the top line
of your error message was never \def'ed. If you have
misspelled it (e.g., `\hobx'), type `I' and the correct
spelling (e.g., `I\hbox'). Otherwise just continue,
and I'll forget about whatever was undefined.

./main.bbl:195: Undefined control sequence.
l.195 ..., {Ballering}, N.~P., {et~al.} 2018, \apj
                                                  , 860,
The control sequence at the end of the top line
of your error message was never \def'ed. If you have
misspelled it (e.g., `\hobx'), type `I' and the correct
spelling (e.g., `I\hbox'). Otherwise just continue,
and I'll forget about whatever was undefined.

./main.bbl:196: Undefined control sequence.
l.196   77, \dodoi
                  {10.3847/1538-4357/aac3e2}
The control sequence at the end of the top line
of your error message was never \def'ed. If you have
misspelled it (e.g., `\hobx'), type `I' and the correct
spelling (e.g., `I\hbox'). Otherwise just continue,
and I'll forget about whatever was undefined.

./main.bbl:201: Undefined control sequence.
l.201   \aap
            , 605, A16, \dodoi{10.1051/0004-6361/201630329}
The control sequence at the end of the top line
of your error message was never \def'ed. If you have
misspelled it (e.g., `\hobx'), type `I' and the correct
spelling (e.g., `I\hbox'). Otherwise just continue,
and I'll forget about whatever was undefined.

./main.bbl:201: Undefined control sequence.
l.201   \aap, 605, A16, \dodoi
                              {10.1051/0004-6361/201630329}
The control sequence at the end of the top line
of your error message was never \def'ed. If you have
misspelled it (e.g., `\hobx'), type `I' and the correct
spelling (e.g., `I\hbox'). Otherwise just continue,
and I'll forget about whatever was undefined.


Underfull \vbox (badness 10000) has occurred while \output is active []


Overfull \hbox (90.0pt too wide) has occurred while \output is active
[]
 []

[16]
./main.bbl:206: Undefined control sequence.
l.206   2013, \apjl
                   , 776, L38, \dodoi{10.1088/2041-8205/776/2/L38}
The control sequence at the end of the top line
of your error message was never \def'ed. If you have
misspelled it (e.g., `\hobx'), type `I' and the correct
spelling (e.g., `I\hbox'). Otherwise just continue,
and I'll forget about whatever was undefined.

./main.bbl:206: Undefined control sequence.
l.206   2013, \apjl, 776, L38, \dodoi
                                     {10.1088/2041-8205/776/2/L38}
The control sequence at the end of the top line
of your error message was never \def'ed. If you have
misspelled it (e.g., `\hobx'), type `I' and the correct
spelling (e.g., `I\hbox'). Otherwise just continue,
and I'll forget about whatever was undefined.

./main.bbl:210: Undefined control sequence.
l.210 ...vis}, M., \& {Schlegel}, D.~J. 1999, \apj
                                                  , 524, 867,
The control sequence at the end of the top line
of your error message was never \def'ed. If you have
misspelled it (e.g., `\hobx'), type `I' and the correct
spelling (e.g., `I\hbox'). Otherwise just continue,
and I'll forget about whatever was undefined.

./main.bbl:211: Undefined control sequence.
l.211   \dodoi
              {10.1086/307852}
The control sequence at the end of the top line
of your error message was never \def'ed. If you have
misspelled it (e.g., `\hobx'), type `I' and the correct
spelling (e.g., `I\hbox'). Otherwise just continue,
and I'll forget about whatever was undefined.

./main.bbl:215: Undefined control sequence.
l.215 ..., {Rosenfeld}, K.~A., {et~al.} 2015, \apj
                                                  ,
The control sequence at the end of the top line
of your error message was never \def'ed. If you have
misspelled it (e.g., `\hobx'), type `I' and the correct
spelling (e.g., `I\hbox'). Otherwise just continue,
and I'll forget about whatever was undefined.

./main.bbl:216: Undefined control sequence.
l.216   813, 99, \dodoi
                       {10.1088/0004-637X/813/2/99}
The control sequence at the end of the top line
of your error message was never \def'ed. If you have
misspelled it (e.g., `\hobx'), type `I' and the correct
spelling (e.g., `I\hbox'). Otherwise just continue,
and I'll forget about whatever was undefined.

./main.bbl:220: Undefined control sequence.
l.220 ...er}, W.~D., \& {Wilson}, R.~W. 1982, \apj
                                                  , 262, 590,
The control sequence at the end of the top line
of your error message was never \def'ed. If you have
misspelled it (e.g., `\hobx'), type `I' and the correct
spelling (e.g., `I\hbox'). Otherwise just continue,
and I'll forget about whatever was undefined.

./main.bbl:221: Undefined control sequence.
l.221   \dodoi
              {10.1086/160451}
The control sequence at the end of the top line
of your error message was never \def'ed. If you have
misspelled it (e.g., `\hobx'), type `I' and the correct
spelling (e.g., `I\hbox'). Otherwise just continue,
and I'll forget about whatever was undefined.

./main.bbl:226: Undefined control sequence.
l.226 ...}, G., {Benisty}, M., {et~al.} 2017, \aap
                                                  , 603, A21,
The control sequence at the end of the top line
of your error message was never \def'ed. If you have
misspelled it (e.g., `\hobx'), type `I' and the correct
spelling (e.g., `I\hbox'). Otherwise just continue,
and I'll forget about whatever was undefined.

./main.bbl:227: Undefined control sequence.
l.227   \dodoi
              {10.1051/0004-6361/201630320}
The control sequence at the end of the top line
of your error message was never \def'ed. If you have
misspelled it (e.g., `\hobx'), type `I' and the correct
spelling (e.g., `I\hbox'). Otherwise just continue,
and I'll forget about whatever was undefined.

./main.bbl:230: Undefined control sequence.
l.230 {Guilloteau}, S., \& {Dutrey}, A. 1998, \aap
                                                  , 339, 467
The control sequence at the end of the top line
of your error message was never \def'ed. If you have
misspelled it (e.g., `\hobx'), type `I' and the correct
spelling (e.g., `I\hbox'). Otherwise just continue,
and I'll forget about whatever was undefined.

./main.bbl:234: Undefined control sequence.
l.234 ...}, A., {Wakelam}, V., {et~al.} 2012, \aap
                                                  , 548, A70,
The control sequence at the end of the top line
of your error message was never \def'ed. If you have
misspelled it (e.g., `\hobx'), type `I' and the correct
spelling (e.g., `I\hbox'). Otherwise just continue,
and I'll forget about whatever was undefined.

./main.bbl:235: Undefined control sequence.
l.235   \dodoi
              {10.1051/0004-6361/201220331}
The control sequence at the end of the top line
of your error message was never \def'ed. If you have
misspelled it (e.g., `\hobx'), type `I' and the correct
spelling (e.g., `I\hbox'). Otherwise just continue,
and I'll forget about whatever was undefined.

./main.bbl:239: Undefined control sequence.
l.239   \dodoi
              {10.1143/PTPS.70.35}
The control sequence at the end of the top line
of your error message was never \def'ed. If you have
misspelled it (e.g., `\hobx'), type `I' and the correct
spelling (e.g., `I\hbox'). Otherwise just continue,
and I'll forget about whatever was undefined.

./main.bbl:242: Undefined control sequence.
l.242 ...ning}, T., \& {Stognienko}, R. 1996, \aap
                                                  , 311, 291
The control sequence at the end of the top line
of your error message was never \def'ed. If you have
misspelled it (e.g., `\hobx'), type `I' and the correct
spelling (e.g., `I\hbox'). Otherwise just continue,
and I'll forget about whatever was undefined.

./main.bbl:247: Undefined control sequence.
l.247   653, \dodoi
                   {10.1126/science.1194854}
The control sequence at the end of the top line
of your error message was never \def'ed. If you have
misspelled it (e.g., `\hobx'), type `I' and the correct
spelling (e.g., `I\hbox'). Otherwise just continue,
and I'll forget about whatever was undefined.

./main.bbl:252: Undefined control sequence.
l.252   M.~R. 2011, \apj
                        , 727, 85, \dodoi{10.1088/0004-637X/727/2/85}
The control sequence at the end of the top line
of your error message was never \def'ed. If you have
misspelled it (e.g., `\hobx'), type `I' and the correct
spelling (e.g., `I\hbox'). Otherwise just continue,
and I'll forget about whatever was undefined.

./main.bbl:252: Undefined control sequence.
l.252   M.~R. 2011, \apj, 727, 85, \dodoi
                                         {10.1088/0004-637X/727/2/85}
The control sequence at the end of the top line
of your error message was never \def'ed. If you have
misspelled it (e.g., `\hobx'), type `I' and the correct
spelling (e.g., `I\hbox'). Otherwise just continue,
and I'll forget about whatever was undefined.

./main.bbl:256: Undefined control sequence.
l.256 ...}, C., \& {Hogerheijde}, M.~R. 2008, \apj
                                                  ,
The control sequence at the end of the top line
of your error message was never \def'ed. If you have
misspelled it (e.g., `\hobx'), type `I' and the correct
spelling (e.g., `I\hbox'). Otherwise just continue,
and I'll forget about whatever was undefined.

./main.bbl:257: Undefined control sequence.
l.257   678, 1119, \dodoi
                         {10.1086/586730}
The control sequence at the end of the top line
of your error message was never \def'ed. If you have
misspelled it (e.g., `\hobx'), type `I' and the correct
spelling (e.g., `I\hbox'). Otherwise just continue,
and I'll forget about whatever was undefined.

./main.bbl:260: Undefined control sequence.
l.260 {Ida}, S., \& {Lin}, D.~N.~C. 2004, \apj
                                              , 604, 388, \dodoi{10.1086/381...
The control sequence at the end of the top line
of your error message was never \def'ed. If you have
misspelled it (e.g., `\hobx'), type `I' and the correct
spelling (e.g., `I\hbox'). Otherwise just continue,
and I'll forget about whatever was undefined.

./main.bbl:260: Undefined control sequence.
l.260 ...n}, D.~N.~C. 2004, \apj, 604, 388, \dodoi
                                                  {10.1086/381724}
The control sequence at the end of the top line
of your error message was never \def'ed. If you have
misspelled it (e.g., `\hobx'), type `I' and the correct
spelling (e.g., `I\hbox'). Otherwise just continue,
and I'll forget about whatever was undefined.

./main.bbl:264: Undefined control sequence.
l.264 ...r}, J.~M., \& {Sargent}, A.~I. 2009, \apj
                                                  , 701, 260,
The control sequence at the end of the top line
of your error message was never \def'ed. If you have
misspelled it (e.g., `\hobx'), type `I' and the correct
spelling (e.g., `I\hbox'). Otherwise just continue,
and I'll forget about whatever was undefined.

./main.bbl:265: Undefined control sequence.
l.265   \dodoi
              {10.1088/0004-637X/701/1/260}
The control sequence at the end of the top line
of your error message was never \def'ed. If you have
misspelled it (e.g., `\hobx'), type `I' and the correct
spelling (e.g., `I\hbox'). Otherwise just continue,
and I'll forget about whatever was undefined.

./main.bbl:272: Undefined control sequence.
l.272 ...r}, S., {Carney}, M., {et~al.} 2016, \aap
                                                  , 588, A108,
The control sequence at the end of the top line
of your error message was never \def'ed. If you have
misspelled it (e.g., `\hobx'), type `I' and the correct
spelling (e.g., `I\hbox'). Otherwise just continue,
and I'll forget about whatever was undefined.

./main.bbl:273: Undefined control sequence.
l.273   \dodoi
              {10.1051/0004-6361/201526791}
The control sequence at the end of the top line
of your error message was never \def'ed. If you have
misspelled it (e.g., `\hobx'), type `I' and the correct
spelling (e.g., `I\hbox'). Otherwise just continue,
and I'll forget about whatever was undefined.

./main.bbl:278: Undefined control sequence.
l.278   Science, 277, 67, \dodoi
                                {10.1126/science.277.5322.67}
The control sequence at the end of the top line
of your error message was never \def'ed. If you have
misspelled it (e.g., `\hobx'), type `I' and the correct
spelling (e.g., `I\hbox'). Otherwise just continue,
and I'll forget about whatever was undefined.

./main.bbl:282: Undefined control sequence.
l.282 ... {Tanaka}, H., \& {Nomura}, H. 2014, \aap
                                                  , 568,
The control sequence at the end of the top line
of your error message was never \def'ed. If you have
misspelled it (e.g., `\hobx'), type `I' and the correct
spelling (e.g., `I\hbox'). Otherwise just continue,
and I'll forget about whatever was undefined.

./main.bbl:283: Undefined control sequence.
l.283   A42, \dodoi
                   {10.1051/0004-6361/201323199}
The control sequence at the end of the top line
of your error message was never \def'ed. If you have
misspelled it (e.g., `\hobx'), type `I' and the correct
spelling (e.g., `I\hbox'). Otherwise just continue,
and I'll forget about whatever was undefined.

./main.bbl:287: Undefined control sequence.
l.287 ..., {Okuzumi}, S., \& {Wada}, K. 2013, \aap
                                                  , 554, A4,
The control sequence at the end of the top line
of your error message was never \def'ed. If you have
misspelled it (e.g., `\hobx'), type `I' and the correct
spelling (e.g., `I\hbox'). Otherwise just continue,
and I'll forget about whatever was undefined.

./main.bbl:288: Undefined control sequence.
l.288   \dodoi
              {10.1051/0004-6361/201321325}
The control sequence at the end of the top line
of your error message was never \def'ed. If you have
misspelled it (e.g., `\hobx'), type `I' and the correct
spelling (e.g., `I\hbox'). Otherwise just continue,
and I'll forget about whatever was undefined.

./main.bbl:293: Undefined control sequence.
l.293   2, \dodoi
                 {10.1006/icar.1993.1154}
The control sequence at the end of the top line
of your error message was never \def'ed. If you have
misspelled it (e.g., `\hobx'), type `I' and the correct
spelling (e.g., `I\hbox'). Otherwise just continue,
and I'll forget about whatever was undefined.

./main.bbl:297: Undefined control sequence.
l.297   Physics, 44, 1580, \dodoi
                                 {10.1143/PTP.44.1580}
The control sequence at the end of the top line
of your error message was never \def'ed. If you have
misspelled it (e.g., `\hobx'), type `I' and the correct
spelling (e.g., `I\hbox'). Otherwise just continue,
and I'll forget about whatever was undefined.

./main.bbl:301: Undefined control sequence.
l.301 \newblock \doarXiv
                        {1904.00333}
The control sequence at the end of the top line
of your error message was never \def'ed. If you have
misspelled it (e.g., `\hobx'), type `I' and the correct
spelling (e.g., `I\hbox'). Otherwise just continue,
and I'll forget about whatever was undefined.

./main.bbl:306: Undefined control sequence.
l.306 ....~J., {Pascucci}, I., {et~al.} 2017, \apj
                                                  , 844, 99,
The control sequence at the end of the top line
of your error message was never \def'ed. If you have
misspelled it (e.g., `\hobx'), type `I' and the correct
spelling (e.g., `I\hbox'). Otherwise just continue,
and I'll forget about whatever was undefined.

./main.bbl:307: Undefined control sequence.
l.307   \dodoi
              {10.3847/1538-4357/aa78fc}
The control sequence at the end of the top line
of your error message was never \def'ed. If you have
misspelled it (e.g., `\hobx'), type `I' and the correct
spelling (e.g., `I\hbox'). Otherwise just continue,
and I'll forget about whatever was undefined.

./main.bbl:310: Undefined control sequence.
l.310 {Luu}, J.~X., \& {Jewitt}, D.~C. 2002, \araa
                                                  , 40, 63,
The control sequence at the end of the top line
of your error message was never \def'ed. If you have
misspelled it (e.g., `\hobx'), type `I' and the correct
spelling (e.g., `I\hbox'). Otherwise just continue,
and I'll forget about whatever was undefined.

./main.bbl:311: Undefined control sequence.
l.311   \dodoi
              {10.1146/annurev.astro.40.060401.093818}
The control sequence at the end of the top line
of your error message was never \def'ed. If you have
misspelled it (e.g., `\hobx'), type `I' and the correct
spelling (e.g., `I\hbox'). Otherwise just continue,
and I'll forget about whatever was undefined.

./main.bbl:314: Undefined control sequence.
l.314 ...gs}, V., \& {Emerson}, J.~P. 1994, \mnras
                                                  , 267, 361
The control sequence at the end of the top line
of your error message was never \def'ed. If you have
misspelled it (e.g., `\hobx'), type `I' and the correct
spelling (e.g., `I\hbox'). Otherwise just continue,
and I'll forget about whatever was undefined.

./main.bbl:317: Undefined control sequence.
l.317 ...}, K.~A., \& {Mahoney}, M.~J. 1992, \apjl
                                                  , 395, L115,
The control sequence at the end of the top line
of your error message was never \def'ed. If you have
misspelled it (e.g., `\hobx'), type `I' and the correct
spelling (e.g., `I\hbox'). Otherwise just continue,
and I'll forget about whatever was undefined.

./main.bbl:318: Undefined control sequence.
l.318   \dodoi
              {10.1086/186501}
The control sequence at the end of the top line
of your error message was never \def'ed. If you have
misspelled it (e.g., `\hobx'), type `I' and the correct
spelling (e.g., `I\hbox'). Otherwise just continue,
and I'll forget about whatever was undefined.

./main.bbl:323: Undefined control sequence.
l.323 ...A., {Cleeves}, L.~I., {et~al.} 2016, \apj
                                                  , 831,
The control sequence at the end of the top line
of your error message was never \def'ed. If you have
misspelled it (e.g., `\hobx'), type `I' and the correct
spelling (e.g., `I\hbox'). Otherwise just continue,
and I'll forget about whatever was undefined.

./main.bbl:324: Undefined control sequence.
l.324   167, \dodoi
                   {10.3847/0004-637X/831/2/167}
The control sequence at the end of the top line
of your error message was never \def'ed. If you have
misspelled it (e.g., `\hobx'), type `I' and the correct
spelling (e.g., `I\hbox'). Otherwise just continue,
and I'll forget about whatever was undefined.

./main.bbl:327: Undefined control sequence.
l.327 ...ra}, O.~M., \& {Brunini}, A. 2011, \mnras
                                                  , 412, 2113,
The control sequence at the end of the top line
of your error message was never \def'ed. If you have
misspelled it (e.g., `\hobx'), type `I' and the correct
spelling (e.g., `I\hbox'). Otherwise just continue,
and I'll forget about whatever was undefined.

./main.bbl:328: Undefined control sequence.
l.328   \dodoi
              {10.1111/j.1365-2966.2010.17887.x}
The control sequence at the end of the top line
of your error message was never \def'ed. If you have
misspelled it (e.g., `\hobx'), type `I' and the correct
spelling (e.g., `I\hbox'). Otherwise just continue,
and I'll forget about whatever was undefined.

./main.bbl:331: Undefined control sequence.
l.331 ...rs}, G.~D., \& {Keller}, C.~U. 2012, \aap
                                                  , 537,
The control sequence at the end of the top line
of your error message was never \def'ed. If you have
misspelled it (e.g., `\hobx'), type `I' and the correct
spelling (e.g., `I\hbox'). Otherwise just continue,
and I'll forget about whatever was undefined.

./main.bbl:332: Undefined control sequence.
l.332   A75, \dodoi
                   {10.1051/0004-6361/201117333}
The control sequence at the end of the top line
of your error message was never \def'ed. If you have
misspelled it (e.g., `\hobx'), type `I' and the correct
spelling (e.g., `I\hbox'). Otherwise just continue,
and I'll forget about whatever was undefined.

./main.bbl:337: Undefined control sequence.
l.337   \aap
            , 585, A13, \dodoi{10.1051/0004-6361/201526048}
The control sequence at the end of the top line
of your error message was never \def'ed. If you have
misspelled it (e.g., `\hobx'), type `I' and the correct
spelling (e.g., `I\hbox'). Otherwise just continue,
and I'll forget about whatever was undefined.

./main.bbl:337: Undefined control sequence.
l.337   \aap, 585, A13, \dodoi
                              {10.1051/0004-6361/201526048}
The control sequence at the end of the top line
of your error message was never \def'ed. If you have
misspelled it (e.g., `\hobx'), type `I' and the correct
spelling (e.g., `I\hbox'). Otherwise just continue,
and I'll forget about whatever was undefined.

./main.bbl:341: Undefined control sequence.
l.341 ..., S., \& {van Dishoeck}, E.~F. 2014, \aap
                                                  , 572, A96,
The control sequence at the end of the top line
of your error message was never \def'ed. If you have
misspelled it (e.g., `\hobx'), type `I' and the correct
spelling (e.g., `I\hbox'). Otherwise just continue,
and I'll forget about whatever was undefined.

./main.bbl:342: Undefined control sequence.
l.342   \dodoi
              {10.1051/0004-6361/201424712}
The control sequence at the end of the top line
of your error message was never \def'ed. If you have
misspelled it (e.g., `\hobx'), type `I' and the correct
spelling (e.g., `I\hbox'). Otherwise just continue,
and I'll forget about whatever was undefined.

./main.bbl:347: Undefined control sequence.
l.347   \aap
            , 594, A85, \dodoi{10.1051/0004-6361/201628159}
The control sequence at the end of the top line
of your error message was never \def'ed. If you have
misspelled it (e.g., `\hobx'), type `I' and the correct
spelling (e.g., `I\hbox'). Otherwise just continue,
and I'll forget about whatever was undefined.

./main.bbl:347: Undefined control sequence.
l.347   \aap, 594, A85, \dodoi
                              {10.1051/0004-6361/201628159}
The control sequence at the end of the top line
of your error message was never \def'ed. If you have
misspelled it (e.g., `\hobx'), type `I' and the correct
spelling (e.g., `I\hbox'). Otherwise just continue,
and I'll forget about whatever was undefined.

./main.bbl:352: Undefined control sequence.
l.352 ...., {Williams}, J.~P., {et~al.} 2017, \aap
                                                  ,
The control sequence at the end of the top line
of your error message was never \def'ed. If you have
misspelled it (e.g., `\hobx'), type `I' and the correct
spelling (e.g., `I\hbox'). Otherwise just continue,
and I'll forget about whatever was undefined.

./main.bbl:353: Undefined control sequence.
l.353   599, A113, \dodoi
                         {10.1051/0004-6361/201629556}
The control sequence at the end of the top line
of your error message was never \def'ed. If you have
misspelled it (e.g., `\hobx'), type `I' and the correct
spelling (e.g., `I\hbox'). Otherwise just continue,
and I'll forget about whatever was undefined.

./main.bbl:357: Undefined control sequence.
l.357   \dodoi
              {10.1006/icar.1993.1156}
The control sequence at the end of the top line
of your error message was never \def'ed. If you have
misspelled it (e.g., `\hobx'), type `I' and the correct
spelling (e.g., `I\hbox'). Otherwise just continue,
and I'll forget about whatever was undefined.

./main.bbl:361: Undefined control sequence.
l.361 ...}, V., {Semenov}, D., {et~al.} 2017, \apj
                                                  , 849, 130,
The control sequence at the end of the top line
of your error message was never \def'ed. If you have
misspelled it (e.g., `\hobx'), type `I' and the correct
spelling (e.g., `I\hbox'). Otherwise just continue,
and I'll forget about whatever was undefined.

./main.bbl:362: Undefined control sequence.
l.362   \dodoi
              {10.3847/1538-4357/aa9227}
The control sequence at the end of the top line
of your error message was never \def'ed. If you have
misspelled it (e.g., `\hobx'), type `I' and the correct
spelling (e.g., `I\hbox'). Otherwise just continue,
and I'll forget about whatever was undefined.

./main.bbl:365: Undefined control sequence.
l.365 ...}, M., \& {Beckwith}, S.~V.~W. 1995, \apj
                                                  , 439, 288,
The control sequence at the end of the top line
of your error message was never \def'ed. If you have
misspelled it (e.g., `\hobx'), type `I' and the correct
spelling (e.g., `I\hbox'). Otherwise just continue,
and I'll forget about whatever was undefined.

./main.bbl:366: Undefined control sequence.
l.366   \dodoi
              {10.1086/175172}
The control sequence at the end of the top line
of your error message was never \def'ed. If you have
misspelled it (e.g., `\hobx'), type `I' and the correct
spelling (e.g., `I\hbox'). Otherwise just continue,
and I'll forget about whatever was undefined.

./main.bbl:370: Undefined control sequence.
l.370 ...~R., {Wilner}, D., \& {Qi}, C. 2009, \aap
                                                  ,
The control sequence at the end of the top line
of your error message was never \def'ed. If you have
misspelled it (e.g., `\hobx'), type `I' and the correct
spelling (e.g., `I\hbox'). Otherwise just continue,
and I'll forget about whatever was undefined.

./main.bbl:371: Undefined control sequence.
l.371   501, 269, \dodoi
                        {10.1051/0004-6361/200911883}
The control sequence at the end of the top line
of your error message was never \def'ed. If you have
misspelled it (e.g., `\hobx'), type `I' and the correct
spelling (e.g., `I\hbox'). Otherwise just continue,
and I'll forget about whatever was undefined.

./main.bbl:376: Undefined control sequence.
l.376   2015, \apjl
                   , 783, L13, \dodoi{10.1088/2041-8205/783/1/L13}
The control sequence at the end of the top line
of your error message was never \def'ed. If you have
misspelled it (e.g., `\hobx'), type `I' and the correct
spelling (e.g., `I\hbox'). Otherwise just continue,
and I'll forget about whatever was undefined.

./main.bbl:376: Undefined control sequence.
l.376   2015, \apjl, 783, L13, \dodoi
                                     {10.1088/2041-8205/783/1/L13}
The control sequence at the end of the top line
of your error message was never \def'ed. If you have
misspelled it (e.g., `\hobx'), type `I' and the correct
spelling (e.g., `I\hbox'). Otherwise just continue,
and I'll forget about whatever was undefined.

./main.bbl:383: Undefined control sequence.
l.383   \apjl
             , 760, L17, \dodoi{10.1088/2041-8205/760/1/L17}
The control sequence at the end of the top line
of your error message was never \def'ed. If you have
misspelled it (e.g., `\hobx'), type `I' and the correct
spelling (e.g., `I\hbox'). Otherwise just continue,
and I'll forget about whatever was undefined.

./main.bbl:383: Undefined control sequence.
l.383   \apjl, 760, L17, \dodoi
                               {10.1088/2041-8205/760/1/L17}
The control sequence at the end of the top line
of your error message was never \def'ed. If you have
misspelled it (e.g., `\hobx'), type `I' and the correct
spelling (e.g., `I\hbox'). Otherwise just continue,
and I'll forget about whatever was undefined.


Underfull \vbox (badness 10000) has occurred while \output is active []


Overfull \hbox (90.0pt too wide) has occurred while \output is active
[]
 []

[17]
./main.bbl:387: Undefined control sequence.
l.387 ...trey}, A., \& {Guilloteau}, S. 2007, \aap
                                                  , 467, 163,
The control sequence at the end of the top line
of your error message was never \def'ed. If you have
misspelled it (e.g., `\hobx'), type `I' and the correct
spelling (e.g., `I\hbox'). Otherwise just continue,
and I'll forget about whatever was undefined.

./main.bbl:388: Undefined control sequence.
l.388   \dodoi
              {10.1051/0004-6361:20066537}
The control sequence at the end of the top line
of your error message was never \def'ed. If you have
misspelled it (e.g., `\hobx'), type `I' and the correct
spelling (e.g., `I\hbox'). Otherwise just continue,
and I'll forget about whatever was undefined.

./main.bbl:393: Undefined control sequence.
l.393   Y. 2014, \aap
                     , 564, A95, \dodoi{10.1051/0004-6361/201322388}
The control sequence at the end of the top line
of your error message was never \def'ed. If you have
misspelled it (e.g., `\hobx'), type `I' and the correct
spelling (e.g., `I\hbox'). Otherwise just continue,
and I'll forget about whatever was undefined.

./main.bbl:393: Undefined control sequence.
l.393   Y. 2014, \aap, 564, A95, \dodoi
                                       {10.1051/0004-6361/201322388}
The control sequence at the end of the top line
of your error message was never \def'ed. If you have
misspelled it (e.g., `\hobx'), type `I' and the correct
spelling (e.g., `I\hbox'). Otherwise just continue,
and I'll forget about whatever was undefined.

./main.bbl:397: Undefined control sequence.
l.397 ..., D., {Beckwith}, S., {et~al.} 1994, \apj
                                                  , 421,
The control sequence at the end of the top line
of your error message was never \def'ed. If you have
misspelled it (e.g., `\hobx'), type `I' and the correct
spelling (e.g., `I\hbox'). Otherwise just continue,
and I'll forget about whatever was undefined.

./main.bbl:398: Undefined control sequence.
l.398   615, \dodoi
                   {10.1086/173677}
The control sequence at the end of the top line
of your error message was never \def'ed. If you have
misspelled it (e.g., `\hobx'), type `I' and the correct
spelling (e.g., `I\hbox'). Otherwise just continue,
and I'll forget about whatever was undefined.

./main.bbl:403: Undefined control sequence.
l.403   A. 2015, \aap
                     , 579, A82, \dodoi{10.1051/0004-6361/201525885}
The control sequence at the end of the top line
of your error message was never \def'ed. If you have
misspelled it (e.g., `\hobx'), type `I' and the correct
spelling (e.g., `I\hbox'). Otherwise just continue,
and I'll forget about whatever was undefined.

./main.bbl:403: Undefined control sequence.
l.403   A. 2015, \aap, 579, A82, \dodoi
                                       {10.1051/0004-6361/201525885}
The control sequence at the end of the top line
of your error message was never \def'ed. If you have
misspelled it (e.g., `\hobx'), type `I' and the correct
spelling (e.g., `I\hbox'). Otherwise just continue,
and I'll forget about whatever was undefined.

./main.bbl:408: Undefined control sequence.
l.408   \aap
            , 521, A66, \dodoi{10.1051/0004-6361/201015039}
The control sequence at the end of the top line
of your error message was never \def'ed. If you have
misspelled it (e.g., `\hobx'), type `I' and the correct
spelling (e.g., `I\hbox'). Otherwise just continue,
and I'll forget about whatever was undefined.

./main.bbl:408: Undefined control sequence.
l.408   \aap, 521, A66, \dodoi
                              {10.1051/0004-6361/201015039}
The control sequence at the end of the top line
of your error message was never \def'ed. If you have
misspelled it (e.g., `\hobx'), type `I' and the correct
spelling (e.g., `I\hbox'). Otherwise just continue,
and I'll forget about whatever was undefined.

./main.bbl:412: Undefined control sequence.
l.412 ...a}, A., {et~al.} 2010{\natexlab{b}}, \aap
                                                  , 512,
The control sequence at the end of the top line
of your error message was never \def'ed. If you have
misspelled it (e.g., `\hobx'), type `I' and the correct
spelling (e.g., `I\hbox'). Otherwise just continue,
and I'll forget about whatever was undefined.

./main.bbl:413: Undefined control sequence.
l.413   A15, \dodoi
                   {10.1051/0004-6361/200913403}
The control sequence at the end of the top line
of your error message was never \def'ed. If you have
misspelled it (e.g., `\hobx'), type `I' and the correct
spelling (e.g., `I\hbox'). Otherwise just continue,
and I'll forget about whatever was undefined.

./main.bbl:417: Undefined control sequence.
l.417 ...ta}, F., {Testi}, L., {et~al.} 2012, \aap
                                                  , 540, A6,
The control sequence at the end of the top line
of your error message was never \def'ed. If you have
misspelled it (e.g., `\hobx'), type `I' and the correct
spelling (e.g., `I\hbox'). Otherwise just continue,
and I'll forget about whatever was undefined.

./main.bbl:418: Undefined control sequence.
l.418   \dodoi
              {10.1051/0004-6361/201118296}
The control sequence at the end of the top line
of your error message was never \def'ed. If you have
misspelled it (e.g., `\hobx'), type `I' and the correct
spelling (e.g., `I\hbox'). Otherwise just continue,
and I'll forget about whatever was undefined.

./main.bbl:423: Undefined control sequence.
l.423   {Qi}, C. 2013{\natexlab{a}}, \apj
                                         , 774, 16,
The control sequence at the end of the top line
of your error message was never \def'ed. If you have
misspelled it (e.g., `\hobx'), type `I' and the correct
spelling (e.g., `I\hbox'). Otherwise just continue,
and I'll forget about whatever was undefined.

./main.bbl:424: Undefined control sequence.
l.424   \dodoi
              {10.1088/0004-637X/774/1/16}
The control sequence at the end of the top line
of your error message was never \def'ed. If you have
misspelled it (e.g., `\hobx'), type `I' and the correct
spelling (e.g., `I\hbox'). Otherwise just continue,
and I'll forget about whatever was undefined.

./main.bbl:429: Undefined control sequence.
l.429   {McClure}, M.~K. 2013{\natexlab{b}}, \apj
                                                 , 775, 136,
The control sequence at the end of the top line
of your error message was never \def'ed. If you have
misspelled it (e.g., `\hobx'), type `I' and the correct
spelling (e.g., `I\hbox'). Otherwise just continue,
and I'll forget about whatever was undefined.

./main.bbl:430: Undefined control sequence.
l.430   \dodoi
              {10.1088/0004-637X/775/2/136}
The control sequence at the end of the top line
of your error message was never \def'ed. If you have
misspelled it (e.g., `\hobx'), type `I' and the correct
spelling (e.g., `I\hbox'). Otherwise just continue,
and I'll forget about whatever was undefined.

./main.bbl:435: Undefined control sequence.
l.435 \newblock \doarXiv
                        {1905.00021}
The control sequence at the end of the top line
of your error message was never \def'ed. If you have
misspelled it (e.g., `\hobx'), type `I' and the correct
spelling (e.g., `I\hbox'). Otherwise just continue,
and I'll forget about whatever was undefined.

./main.bbl:438: Undefined control sequence.
l.438 ...trey}, A., \& {Guilloteau}, S. 2000, \apj
                                                  , 545, 1034,
The control sequence at the end of the top line
of your error message was never \def'ed. If you have
misspelled it (e.g., `\hobx'), type `I' and the correct
spelling (e.g., `I\hbox'). Otherwise just continue,
and I'll forget about whatever was undefined.

./main.bbl:439: Undefined control sequence.
l.439   \dodoi
              {10.1086/317838}
The control sequence at the end of the top line
of your error message was never \def'ed. If you have
misspelled it (e.g., `\hobx'), type `I' and the correct
spelling (e.g., `I\hbox'). Otherwise just continue,
and I'll forget about whatever was undefined.

./main.bbl:443: Undefined control sequence.
l.443 ...inik}, C., {Min}, M., {et~al.} 2016, \aap
                                                  , 596, A70,
The control sequence at the end of the top line
of your error message was never \def'ed. If you have
misspelled it (e.g., `\hobx'), type `I' and the correct
spelling (e.g., `I\hbox'). Otherwise just continue,
and I'll forget about whatever was undefined.

./main.bbl:444: Undefined control sequence.
l.444   \dodoi
              {10.1051/0004-6361/201629098}
The control sequence at the end of the top line
of your error message was never \def'ed. If you have
misspelled it (e.g., `\hobx'), type `I' and the correct
spelling (e.g., `I\hbox'). Otherwise just continue,
and I'll forget about whatever was undefined.

./main.bbl:447: Undefined control sequence.
l.447 ...aba}, S., \& {Nakazawa}, K. 1996, \icarus
                                                  , 123, 450,
The control sequence at the end of the top line
of your error message was never \def'ed. If you have
misspelled it (e.g., `\hobx'), type `I' and the correct
spelling (e.g., `I\hbox'). Otherwise just continue,
and I'll forget about whatever was undefined.

./main.bbl:448: Undefined control sequence.
l.448   \dodoi
              {10.1006/icar.1996.0170}
The control sequence at the end of the top line
of your error message was never \def'ed. If you have
misspelled it (e.g., `\hobx'), type `I' and the correct
spelling (e.g., `I\hbox'). Otherwise just continue,
and I'll forget about whatever was undefined.

./main.bbl:454: Undefined control sequence.
l.454 ..., L., {Ercolano}, B., {et~al.} 2016, \aap
                                                  , 588, A53,
The control sequence at the end of the top line
of your error message was never \def'ed. If you have
misspelled it (e.g., `\hobx'), type `I' and the correct
spelling (e.g., `I\hbox'). Otherwise just continue,
and I'll forget about whatever was undefined.

./main.bbl:455: Undefined control sequence.
l.455   \dodoi
              {10.1051/0004-6361/201527423}
The control sequence at the end of the top line
of your error message was never \def'ed. If you have
misspelled it (e.g., `\hobx'), type `I' and the correct
spelling (e.g., `I\hbox'). Otherwise just continue,
and I'll forget about whatever was undefined.

./main.bbl:461: Undefined control sequence.
l.461 \newblock \doarXiv
                        {1707.01499}
The control sequence at the end of the top line
of your error message was never \def'ed. If you have
misspelled it (e.g., `\hobx'), type `I' and the correct
spelling (e.g., `I\hbox'). Otherwise just continue,
and I'll forget about whatever was undefined.

./main.bbl:464: Undefined control sequence.
l.464 ... {Shu}, F.~H., \& {Cassen}, P. 1984, \apj
                                                  , 286, 529,
The control sequence at the end of the top line
of your error message was never \def'ed. If you have
misspelled it (e.g., `\hobx'), type `I' and the correct
spelling (e.g., `I\hbox'). Otherwise just continue,
and I'll forget about whatever was undefined.

./main.bbl:465: Undefined control sequence.
l.465   \dodoi
              {10.1086/162628}
The control sequence at the end of the top line
of your error message was never \def'ed. If you have
misspelled it (e.g., `\hobx'), type `I' and the correct
spelling (e.g., `I\hbox'). Otherwise just continue,
and I'll forget about whatever was undefined.

./main.bbl:471: Undefined control sequence.
l.471 \newblock \doarXiv
                        {1903.06190}
The control sequence at the end of the top line
of your error message was never \def'ed. If you have
misspelled it (e.g., `\hobx'), type `I' and the correct
spelling (e.g., `I\hbox'). Otherwise just continue,
and I'll forget about whatever was undefined.

./main.bbl:476: Undefined control sequence.
l.476   {Bruderer}, S. 2017, \aap
                                 , 605, A69, \dodoi{10.1051/0004-6361/201630...
The control sequence at the end of the top line
of your error message was never \def'ed. If you have
misspelled it (e.g., `\hobx'), type `I' and the correct
spelling (e.g., `I\hbox'). Otherwise just continue,
and I'll forget about whatever was undefined.

./main.bbl:476: Undefined control sequence.
l.476 ...ruderer}, S. 2017, \aap, 605, A69, \dodoi
                                                  {10.1051/0004-6361/201630308}
The control sequence at the end of the top line
of your error message was never \def'ed. If you have
misspelled it (e.g., `\hobx'), type `I' and the correct
spelling (e.g., `I\hbox'). Otherwise just continue,
and I'll forget about whatever was undefined.

./main.bbl:481: Undefined control sequence.
l.481   \apj
            , 845, 44, \dodoi{10.3847/1538-4357/aa7c62}
The control sequence at the end of the top line
of your error message was never \def'ed. If you have
misspelled it (e.g., `\hobx'), type `I' and the correct
spelling (e.g., `I\hbox'). Otherwise just continue,
and I'll forget about whatever was undefined.

./main.bbl:481: Undefined control sequence.
l.481   \apj, 845, 44, \dodoi
                             {10.3847/1538-4357/aa7c62}
The control sequence at the end of the top line
of your error message was never \def'ed. If you have
misspelled it (e.g., `\hobx'), type `I' and the correct
spelling (e.g., `I\hbox'). Otherwise just continue,
and I'll forget about whatever was undefined.

./main.bbl:487: Undefined control sequence.
l.487 ...~M., {Birnstiel}, T., {et~al.} 2018, \apj
                                                  , 861,
The control sequence at the end of the top line
of your error message was never \def'ed. If you have
misspelled it (e.g., `\hobx'), type `I' and the correct
spelling (e.g., `I\hbox'). Otherwise just continue,
and I'll forget about whatever was undefined.

./main.bbl:488: Undefined control sequence.
l.488   64, \dodoi
                  {10.3847/1538-4357/aac5d6}
The control sequence at the end of the top line
of your error message was never \def'ed. If you have
misspelled it (e.g., `\hobx'), type `I' and the correct
spelling (e.g., `I\hbox'). Otherwise just continue,
and I'll forget about whatever was undefined.

./main.bbl:492: Undefined control sequence.
l.492 ...eck}, E.~F., \& {Black}, J.~H. 2009, \aap
                                                  , 503, 323,
The control sequence at the end of the top line
of your error message was never \def'ed. If you have
misspelled it (e.g., `\hobx'), type `I' and the correct
spelling (e.g., `I\hbox'). Otherwise just continue,
and I'll forget about whatever was undefined.

./main.bbl:493: Undefined control sequence.
l.493   \dodoi
              {10.1051/0004-6361/200912129}
The control sequence at the end of the top line
of your error message was never \def'ed. If you have
misspelled it (e.g., `\hobx'), type `I' and the correct
spelling (e.g., `I\hbox'). Otherwise just continue,
and I'll forget about whatever was undefined.

./main.bbl:496: Undefined control sequence.
l.496 {Weidenschilling}, S.~J. 1977, \mnras
                                           , 180, 57
The control sequence at the end of the top line
of your error message was never \def'ed. If you have
misspelled it (e.g., `\hobx'), type `I' and the correct
spelling (e.g., `I\hbox'). Otherwise just continue,
and I'll forget about whatever was undefined.

./main.bbl:500: Undefined control sequence.
l.500 ...dell}, G., \& {Duncan}, W.~D. 1989, \apjl
                                                  , 340, L69,
The control sequence at the end of the top line
of your error message was never \def'ed. If you have
misspelled it (e.g., `\hobx'), type `I' and the correct
spelling (e.g., `I\hbox'). Otherwise just continue,
and I'll forget about whatever was undefined.

./main.bbl:501: Undefined control sequence.
l.501   \dodoi
              {10.1086/185441}
The control sequence at the end of the top line
of your error message was never \def'ed. If you have
misspelled it (e.g., `\hobx'), type `I' and the correct
spelling (e.g., `I\hbox'). Otherwise just continue,
and I'll forget about whatever was undefined.

./main.bbl:504: Undefined control sequence.
l.504 ...s}, J.~P., \& {Best}, W.~M.~J. 2014, \apj
                                                  , 788, 59,
The control sequence at the end of the top line
of your error message was never \def'ed. If you have
misspelled it (e.g., `\hobx'), type `I' and the correct
spelling (e.g., `I\hbox'). Otherwise just continue,
and I'll forget about whatever was undefined.

./main.bbl:505: Undefined control sequence.
l.505   \dodoi
              {10.1088/0004-637X/788/1/59}
The control sequence at the end of the top line
of your error message was never \def'ed. If you have
misspelled it (e.g., `\hobx'), type `I' and the correct
spelling (e.g., `I\hbox'). Otherwise just continue,
and I'll forget about whatever was undefined.

./main.bbl:511: Undefined control sequence.
l.511 ...in}, M., {Pinte}, C., {et~al.} 2016, \aap
                                                  , 586, A103,
The control sequence at the end of the top line
of your error message was never \def'ed. If you have
misspelled it (e.g., `\hobx'), type `I' and the correct
spelling (e.g., `I\hbox'). Otherwise just continue,
and I'll forget about whatever was undefined.

./main.bbl:512: Undefined control sequence.
l.512   \dodoi
              {10.1051/0004-6361/201526538}
The control sequence at the end of the top line
of your error message was never \def'ed. If you have
misspelled it (e.g., `\hobx'), type `I' and the correct
spelling (e.g., `I\hbox'). Otherwise just continue,
and I'll forget about whatever was undefined.

./main.bbl:517: Undefined control sequence.
l.517   {Turner}, N.~J. 2017, \apj
                                  , 841, 39, \dodoi{10.3847/1538-4357/aa6e4c}
The control sequence at the end of the top line
of your error message was never \def'ed. If you have
misspelled it (e.g., `\hobx'), type `I' and the correct
spelling (e.g., `I\hbox'). Otherwise just continue,
and I'll forget about whatever was undefined.

./main.bbl:517: Undefined control sequence.
l.517 ...urner}, N.~J. 2017, \apj, 841, 39, \dodoi
                                                  {10.3847/1538-4357/aa6e4c}
The control sequence at the end of the top line
of your error message was never \def'ed. If you have
misspelled it (e.g., `\hobx'), type `I' and the correct
spelling (e.g., `I\hbox'). Otherwise just continue,
and I'll forget about whatever was undefined.

./main.bbl:523: Undefined control sequence.
l.523 \newblock \doarXiv
                        {1904.02127}
The control sequence at the end of the top line
of your error message was never \def'ed. If you have
misspelled it (e.g., `\hobx'), type `I' and the correct
spelling (e.g., `I\hbox'). Otherwise just continue,
and I'll forget about whatever was undefined.

)
Overfull \hbox (90.0pt too wide) has occurred while \output is active
[]
 []

[18] (./main.aux)

LaTeX Font Warning: Size substitutions with differences
(Font)              up to 0.74pt have occurred.


LaTeX Warning: There were undefined references.

 ) 
Here is how much of TeX's memory you used:
 2917 strings out of 492616
 40532 string characters out of 6129482
 121533 words of memory out of 5000000
 6770 multiletter control sequences out of 15000+600000
 14623 words of font info for 55 fonts, out of 8000000 for 9000
 1141 hyphenation exceptions out of 8191
 41i,15n,27p,1585b,526s stack positions out of 5000i,500n,10000p,200000b,80000s
</usr/local/texlive/2019/texmf-dist/fonts/type1/public/amsfonts/cm/cmbx12.pfb
></usr/local/texlive/2019/texmf-dist/fonts/type1/public/amsfonts/cm/cmbx8.pfb><
/usr/local/texlive/2019/texmf-dist/fonts/type1/public/amsfonts/cm/cmbx9.pfb></u
sr/local/texlive/2019/texmf-dist/fonts/type1/public/amsfonts/cmextra/cmex9.pfb>
</usr/local/texlive/2019/texmf-dist/fonts/type1/public/amsfonts/cm/cmmi6.pfb></
usr/local/texlive/2019/texmf-dist/fonts/type1/public/amsfonts/cm/cmmi8.pfb></us
r/local/texlive/2019/texmf-dist/fonts/type1/public/amsfonts/cm/cmmi9.pfb></usr/
local/texlive/2019/texmf-dist/fonts/type1/public/amsfonts/cm/cmr5.pfb></usr/loc
al/texlive/2019/texmf-dist/fonts/type1/public/amsfonts/cm/cmr6.pfb></usr/local/
texlive/2019/texmf-dist/fonts/type1/public/amsfonts/cm/cmr7.pfb></usr/local/tex
live/2019/texmf-dist/fonts/type1/public/amsfonts/cm/cmr8.pfb></usr/local/texliv
e/2019/texmf-dist/fonts/type1/public/amsfonts/cm/cmr9.pfb></usr/local/texlive/2
019/texmf-dist/fonts/type1/public/amsfonts/cm/cmss9.pfb></usr/local/texlive/201
9/texmf-dist/fonts/type1/public/amsfonts/cm/cmssbx10.pfb></usr/local/texlive/20
19/texmf-dist/fonts/type1/public/amsfonts/cm/cmsy10.pfb></usr/local/texlive/201
9/texmf-dist/fonts/type1/public/amsfonts/cm/cmsy6.pfb></usr/local/texlive/2019/
texmf-dist/fonts/type1/public/amsfonts/cm/cmsy7.pfb></usr/local/texlive/2019/te
xmf-dist/fonts/type1/public/amsfonts/cm/cmsy8.pfb></usr/local/texlive/2019/texm
f-dist/fonts/type1/public/amsfonts/cm/cmsy9.pfb></usr/local/texlive/2019/texmf-
dist/fonts/type1/public/amsfonts/cm/cmti7.pfb></usr/local/texlive/2019/texmf-di
st/fonts/type1/public/amsfonts/cm/cmti9.pfb></usr/local/texlive/2019/texmf-dist
/fonts/type1/public/amsfonts/cm/cmtt9.pfb></usr/local/texlive/2019/texmf-dist/f
onts/type1/public/amsfonts/symbols/msam10.pfb>
Output written on main.pdf (18 pages, 356583 bytes).
PDF statistics:
 205 PDF objects out of 1000 (max. 8388607)
 130 compressed objects within 2 object streams
 0 named destinations out of 1000 (max. 500000)
 11 words of extra memory for PDF output out of 10000 (max. 10000000)

